DEBUG 2020-05-11 13:32:45.653 UTC: 	 Running on: Linux ui02.recas.ba.infn.it 3.10.0-862.14.4.el7.x86_64 #1 SMP Wed Sep 26 15:12:11 UTC 2018 x86_64 x86_64 x86_64 GNU/Linux - CentOS Linux 7 (Core)
DEBUG 2020-05-11 13:32:45.675 UTC: 	 OpenSSl version: OpenSSL 1.0.2k-fips  26 Jan 2017 (Library: OpenSSL 1.0.2d-fips 9 Jul 2015)
DEBUG 2020-05-11 13:32:45.676 UTC: 	 Executing command: 'submit'
DEBUG 2020-05-11 13:32:45.677 UTC: 	 Found CRAB cache file /lustre/home/venditti/.crab3
INFO 2020-05-11 13:32:45.678 UTC: 	 Will use CRAB configuration file crab_T3Mu_BPH4_RunA_cfg.py
DEBUG 2020-05-11 13:32:45.678 UTC: 	 Loading CRAB configuration file.
ERROR 2020-05-11 13:32:45.682 UTC: 	 Error while loading CRAB configuration:
cannot import name getUsernameFromSiteDB
Please refer to https://twiki.cern.ch/twiki/bin/view/CMSPublic/CRAB3CommonErrors#Syntax_error_in_CRAB_configurati
See the ./crab.log file for more details.
The documentation about the CRAB configuration file can be found in https://twiki.cern.ch/twiki/bin/view/CMSPublic/CRAB3ConfigurationFile
ERROR 2020-05-11 13:32:45.682 UTC: 	 Caught ClientException exception
Traceback (most recent call last):
  File "/cvmfs/cms.cern.ch/share/cms/crab-prod/3.3.2004/bin/crab", line 165, in <module>
    client()
  File "/cvmfs/cms.cern.ch/share/cms/crab-prod/3.3.2004/bin/crab", line 150, in __call__
    self.cmd = sub_cmd(self.logger, args[1:])
  File "/cvmfs/cms.cern.ch/share/cms/crab-prod/3.3.2004/lib/CRABClient/Commands/submit.py", line 35, in __init__
    SubCommand.__init__(self, logger, cmdargs, disable_interspersed_args=True)
  File "/cvmfs/cms.cern.ch/share/cms/crab-prod/3.3.2004/lib/CRABClient/Commands/SubCommand.py", line 318, in __init__
    self.loadConfig(self.options.config, self.args)
  File "/cvmfs/cms.cern.ch/share/cms/crab-prod/3.3.2004/lib/CRABClient/Commands/SubCommand.py", line 88, in loadConfig
    raise ConfigurationException(configmsg)
ConfigurationException: Error while loading CRAB configuration:
cannot import name getUsernameFromSiteDB
Please refer to https://twiki.cern.ch/twiki/bin/view/CMSPublic/CRAB3CommonErrors#Syntax_error_in_CRAB_configurati
See the ./crab.log file for more details.
The documentation about the CRAB configuration file can be found in https://twiki.cern.ch/twiki/bin/view/CMSPublic/CRAB3ConfigurationFile
DEBUG 2020-05-12 07:42:01.862 UTC: 	 Running on: Linux ui03.recas.ba.infn.it 3.10.0-862.14.4.el7.x86_64 #1 SMP Wed Sep 26 15:12:11 UTC 2018 x86_64 x86_64 x86_64 GNU/Linux - CentOS Linux 7 (Core)
DEBUG 2020-05-12 07:42:01.879 UTC: 	 OpenSSl version: OpenSSL 1.0.2k-fips  26 Jan 2017 (Library: OpenSSL 1.0.2d-fips 9 Jul 2015)
DEBUG 2020-05-12 07:42:01.879 UTC: 	 Executing command: 'status'
DEBUG 2020-05-12 07:42:01.879 UTC: 	 Found CRAB cache file /lustre/home/venditti/.crab3
DEBUG 2020-05-12 07:49:23.691 UTC: 	 Running on: Linux ui03.recas.ba.infn.it 3.10.0-862.14.4.el7.x86_64 #1 SMP Wed Sep 26 15:12:11 UTC 2018 x86_64 x86_64 x86_64 GNU/Linux - CentOS Linux 7 (Core)
DEBUG 2020-05-12 07:49:23.702 UTC: 	 OpenSSl version: OpenSSL 1.0.2k-fips  26 Jan 2017 (Library: OpenSSL 1.0.2d-fips 9 Jul 2015)
DEBUG 2020-05-12 07:49:23.702 UTC: 	 Executing command: 'status'
DEBUG 2020-05-12 07:49:23.703 UTC: 	 Found CRAB cache file /lustre/home/venditti/.crab3
