DEBUG 2019-12-04 11:48:35.322 UTC: 	 Running on: Linux ui03.recas.ba.infn.it 3.10.0-862.14.4.el7.x86_64 #1 SMP Wed Sep 26 15:12:11 UTC 2018 x86_64 x86_64 x86_64 GNU/Linux - CentOS Linux 7 (Core)
DEBUG 2019-12-04 11:48:35.338 UTC: 	 OpenSSl version: OpenSSL 1.0.2k-fips  26 Jan 2017 (Library: OpenSSL 1.0.2d-fips 9 Jul 2015)
DEBUG 2019-12-04 11:48:35.339 UTC: 	 Executing command: 'status'
DEBUG 2019-12-04 11:48:35.339 UTC: 	 Found CRAB cache file /lustre/home/venditti/.crab3
ERROR 2019-12-04 11:48:35.340 UTC: 	 Error: crab_projects/crab_SkimDsPhiPi_BParking_Run2018A_BPH1_v2 is not a valid CRAB project directory.
ERROR 2019-12-04 11:48:35.340 UTC: 	 Caught exception
Traceback (most recent call last):
  File "/cvmfs/cms.cern.ch/crab3/slc6_amd64_gcc493/cms/crabclient/3.3.1911.patch1/bin/crab", line 160, in <module>
    client()
  File "/cvmfs/cms.cern.ch/crab3/slc6_amd64_gcc493/cms/crabclient/3.3.1911.patch1/bin/crab", line 145, in __call__
    self.cmd = sub_cmd(self.logger, args[1:])
  File "/cvmfs/cms.cern.ch/crab3/slc6_amd64_gcc493/cms/crabclient/3.3.1911.patch1/lib/python2.7/site-packages/CRABClient/Commands/status.py", line 40, in __init__
    SubCommand.__init__(self, logger, cmdargs)
  File "/cvmfs/cms.cern.ch/crab3/slc6_amd64_gcc493/cms/crabclient/3.3.1911.patch1/lib/python2.7/site-packages/CRABClient/Commands/SubCommand.py", line 277, in __init__
    SubCommand.validateOptions(self)
  File "/cvmfs/cms.cern.ch/crab3/slc6_amd64_gcc493/cms/crabclient/3.3.1911.patch1/lib/python2.7/site-packages/CRABClient/Commands/SubCommand.py", line 595, in validateOptions
    raise ConfigurationException(msg)
ConfigurationException: [91mError[0m: crab_projects/crab_SkimDsPhiPi_BParking_Run2018A_BPH1_v2 is not a valid CRAB project directory.
DEBUG 2019-12-06 17:25:58.234 UTC: 	 Running on: Linux ui03.recas.ba.infn.it 3.10.0-862.14.4.el7.x86_64 #1 SMP Wed Sep 26 15:12:11 UTC 2018 x86_64 x86_64 x86_64 GNU/Linux - CentOS Linux 7 (Core)
DEBUG 2019-12-06 17:25:58.254 UTC: 	 OpenSSl version: OpenSSL 1.0.2k-fips  26 Jan 2017 (Library: OpenSSL 1.0.2d-fips 9 Jul 2015)
DEBUG 2019-12-06 17:25:58.254 UTC: 	 Executing command: 'resubmit'
DEBUG 2019-12-06 17:25:58.255 UTC: 	 Found CRAB cache file /lustre/home/venditti/.crab3
ERROR 2019-12-06 17:25:58.256 UTC: 	 Error: crab_projects/crab_SkimDsPhiPi_BParking_Run2018A_BPH2_v2 is not a valid CRAB project directory.
ERROR 2019-12-06 17:25:58.256 UTC: 	 Caught exception
Traceback (most recent call last):
  File "/cvmfs/cms.cern.ch/crab3/slc6_amd64_gcc493/cms/crabclient/3.3.1911.patch1/bin/crab", line 160, in <module>
    client()
  File "/cvmfs/cms.cern.ch/crab3/slc6_amd64_gcc493/cms/crabclient/3.3.1911.patch1/bin/crab", line 145, in __call__
    self.cmd = sub_cmd(self.logger, args[1:])
  File "/cvmfs/cms.cern.ch/crab3/slc6_amd64_gcc493/cms/crabclient/3.3.1911.patch1/lib/python2.7/site-packages/CRABClient/Commands/resubmit.py", line 28, in __init__
    SubCommand.__init__(self, logger, cmdargs)
  File "/cvmfs/cms.cern.ch/crab3/slc6_amd64_gcc493/cms/crabclient/3.3.1911.patch1/lib/python2.7/site-packages/CRABClient/Commands/SubCommand.py", line 277, in __init__
    SubCommand.validateOptions(self)
  File "/cvmfs/cms.cern.ch/crab3/slc6_amd64_gcc493/cms/crabclient/3.3.1911.patch1/lib/python2.7/site-packages/CRABClient/Commands/SubCommand.py", line 595, in validateOptions
    raise ConfigurationException(msg)
ConfigurationException: [91mError[0m: crab_projects/crab_SkimDsPhiPi_BParking_Run2018A_BPH2_v2 is not a valid CRAB project directory.
DEBUG 2019-12-09 11:40:29.849 UTC: 	 Running on: Linux ui03.recas.ba.infn.it 3.10.0-862.14.4.el7.x86_64 #1 SMP Wed Sep 26 15:12:11 UTC 2018 x86_64 x86_64 x86_64 GNU/Linux - CentOS Linux 7 (Core)
DEBUG 2019-12-09 11:40:29.866 UTC: 	 OpenSSl version: OpenSSL 1.0.2k-fips  26 Jan 2017 (Library: OpenSSL 1.0.2d-fips 9 Jul 2015)
DEBUG 2019-12-09 11:40:29.867 UTC: 	 Executing command: 'status'
DEBUG 2019-12-09 11:40:29.867 UTC: 	 Found CRAB cache file /lustre/home/venditti/.crab3
ERROR 2019-12-09 11:40:29.868 UTC: 	 Error: crab_projects/crab_SkimDsPhiPi_BParking_Run2018B_BPH4_v1/ is not a valid CRAB project directory.
ERROR 2019-12-09 11:40:29.868 UTC: 	 Caught exception
Traceback (most recent call last):
  File "/cvmfs/cms.cern.ch/crab3/slc6_amd64_gcc493/cms/crabclient/3.3.1911.patch1/bin/crab", line 160, in <module>
    client()
  File "/cvmfs/cms.cern.ch/crab3/slc6_amd64_gcc493/cms/crabclient/3.3.1911.patch1/bin/crab", line 145, in __call__
    self.cmd = sub_cmd(self.logger, args[1:])
  File "/cvmfs/cms.cern.ch/crab3/slc6_amd64_gcc493/cms/crabclient/3.3.1911.patch1/lib/python2.7/site-packages/CRABClient/Commands/status.py", line 40, in __init__
    SubCommand.__init__(self, logger, cmdargs)
  File "/cvmfs/cms.cern.ch/crab3/slc6_amd64_gcc493/cms/crabclient/3.3.1911.patch1/lib/python2.7/site-packages/CRABClient/Commands/SubCommand.py", line 277, in __init__
    SubCommand.validateOptions(self)
  File "/cvmfs/cms.cern.ch/crab3/slc6_amd64_gcc493/cms/crabclient/3.3.1911.patch1/lib/python2.7/site-packages/CRABClient/Commands/SubCommand.py", line 595, in validateOptions
    raise ConfigurationException(msg)
ConfigurationException: [91mError[0m: crab_projects/crab_SkimDsPhiPi_BParking_Run2018B_BPH4_v1/ is not a valid CRAB project directory.
DEBUG 2019-12-09 11:40:34.140 UTC: 	 Running on: Linux ui03.recas.ba.infn.it 3.10.0-862.14.4.el7.x86_64 #1 SMP Wed Sep 26 15:12:11 UTC 2018 x86_64 x86_64 x86_64 GNU/Linux - CentOS Linux 7 (Core)
DEBUG 2019-12-09 11:40:34.161 UTC: 	 OpenSSl version: OpenSSL 1.0.2k-fips  26 Jan 2017 (Library: OpenSSL 1.0.2d-fips 9 Jul 2015)
DEBUG 2019-12-09 11:40:34.162 UTC: 	 Executing command: 'status'
DEBUG 2019-12-09 11:40:34.162 UTC: 	 Found CRAB cache file /lustre/home/venditti/.crab3
ERROR 2019-12-09 11:40:34.164 UTC: 	 Error: crab_projects/crab_SkimDsPhiPi_BParking_Run2018B_BPH5_v1/ is not a valid CRAB project directory.
ERROR 2019-12-09 11:40:34.164 UTC: 	 Caught exception
Traceback (most recent call last):
  File "/cvmfs/cms.cern.ch/crab3/slc6_amd64_gcc493/cms/crabclient/3.3.1911.patch1/bin/crab", line 160, in <module>
    client()
  File "/cvmfs/cms.cern.ch/crab3/slc6_amd64_gcc493/cms/crabclient/3.3.1911.patch1/bin/crab", line 145, in __call__
    self.cmd = sub_cmd(self.logger, args[1:])
  File "/cvmfs/cms.cern.ch/crab3/slc6_amd64_gcc493/cms/crabclient/3.3.1911.patch1/lib/python2.7/site-packages/CRABClient/Commands/status.py", line 40, in __init__
    SubCommand.__init__(self, logger, cmdargs)
  File "/cvmfs/cms.cern.ch/crab3/slc6_amd64_gcc493/cms/crabclient/3.3.1911.patch1/lib/python2.7/site-packages/CRABClient/Commands/SubCommand.py", line 277, in __init__
    SubCommand.validateOptions(self)
  File "/cvmfs/cms.cern.ch/crab3/slc6_amd64_gcc493/cms/crabclient/3.3.1911.patch1/lib/python2.7/site-packages/CRABClient/Commands/SubCommand.py", line 595, in validateOptions
    raise ConfigurationException(msg)
ConfigurationException: [91mError[0m: crab_projects/crab_SkimDsPhiPi_BParking_Run2018B_BPH5_v1/ is not a valid CRAB project directory.
DEBUG 2019-12-13 14:26:19.326 UTC: 	 Running on: Linux ui02.recas.ba.infn.it 3.10.0-862.14.4.el7.x86_64 #1 SMP Wed Sep 26 15:12:11 UTC 2018 x86_64 x86_64 x86_64 GNU/Linux - CentOS Linux 7 (Core)
DEBUG 2019-12-13 14:26:19.338 UTC: 	 OpenSSl version: OpenSSL 1.0.2k-fips  26 Jan 2017 (Library: OpenSSL 1.0.2d-fips 9 Jul 2015)
DEBUG 2019-12-13 14:26:19.339 UTC: 	 Executing command: 'status'
DEBUG 2019-12-13 14:26:19.340 UTC: 	 Found CRAB cache file /lustre/home/venditti/.crab3
ERROR 2019-12-13 14:26:19.342 UTC: 	 Error: crab_projects/crab_SkimDsPhiPi_BParking_Run2018C_BPH1_v1 is not a valid CRAB project directory.
ERROR 2019-12-13 14:26:19.342 UTC: 	 Caught exception
Traceback (most recent call last):
  File "/cvmfs/cms.cern.ch/crab3/slc6_amd64_gcc493/cms/crabclient/3.3.1911.patch1/bin/crab", line 160, in <module>
    client()
  File "/cvmfs/cms.cern.ch/crab3/slc6_amd64_gcc493/cms/crabclient/3.3.1911.patch1/bin/crab", line 145, in __call__
    self.cmd = sub_cmd(self.logger, args[1:])
  File "/cvmfs/cms.cern.ch/crab3/slc6_amd64_gcc493/cms/crabclient/3.3.1911.patch1/lib/python2.7/site-packages/CRABClient/Commands/status.py", line 40, in __init__
    SubCommand.__init__(self, logger, cmdargs)
  File "/cvmfs/cms.cern.ch/crab3/slc6_amd64_gcc493/cms/crabclient/3.3.1911.patch1/lib/python2.7/site-packages/CRABClient/Commands/SubCommand.py", line 277, in __init__
    SubCommand.validateOptions(self)
  File "/cvmfs/cms.cern.ch/crab3/slc6_amd64_gcc493/cms/crabclient/3.3.1911.patch1/lib/python2.7/site-packages/CRABClient/Commands/SubCommand.py", line 595, in validateOptions
    raise ConfigurationException(msg)
ConfigurationException: [91mError[0m: crab_projects/crab_SkimDsPhiPi_BParking_Run2018C_BPH1_v1 is not a valid CRAB project directory.
DEBUG 2019-12-13 14:26:24.689 UTC: 	 Running on: Linux ui02.recas.ba.infn.it 3.10.0-862.14.4.el7.x86_64 #1 SMP Wed Sep 26 15:12:11 UTC 2018 x86_64 x86_64 x86_64 GNU/Linux - CentOS Linux 7 (Core)
DEBUG 2019-12-13 14:26:24.702 UTC: 	 OpenSSl version: OpenSSL 1.0.2k-fips  26 Jan 2017 (Library: OpenSSL 1.0.2d-fips 9 Jul 2015)
DEBUG 2019-12-13 14:26:24.703 UTC: 	 Executing command: 'status'
DEBUG 2019-12-13 14:26:24.703 UTC: 	 Found CRAB cache file /lustre/home/venditti/.crab3
ERROR 2019-12-13 14:26:24.704 UTC: 	 Error: crab_projects/crab_SkimDsPhiPi_BParking_Run2018C_BPH2_v1 is not a valid CRAB project directory.
ERROR 2019-12-13 14:26:24.704 UTC: 	 Caught exception
Traceback (most recent call last):
  File "/cvmfs/cms.cern.ch/crab3/slc6_amd64_gcc493/cms/crabclient/3.3.1911.patch1/bin/crab", line 160, in <module>
    client()
  File "/cvmfs/cms.cern.ch/crab3/slc6_amd64_gcc493/cms/crabclient/3.3.1911.patch1/bin/crab", line 145, in __call__
    self.cmd = sub_cmd(self.logger, args[1:])
  File "/cvmfs/cms.cern.ch/crab3/slc6_amd64_gcc493/cms/crabclient/3.3.1911.patch1/lib/python2.7/site-packages/CRABClient/Commands/status.py", line 40, in __init__
    SubCommand.__init__(self, logger, cmdargs)
  File "/cvmfs/cms.cern.ch/crab3/slc6_amd64_gcc493/cms/crabclient/3.3.1911.patch1/lib/python2.7/site-packages/CRABClient/Commands/SubCommand.py", line 277, in __init__
    SubCommand.validateOptions(self)
  File "/cvmfs/cms.cern.ch/crab3/slc6_amd64_gcc493/cms/crabclient/3.3.1911.patch1/lib/python2.7/site-packages/CRABClient/Commands/SubCommand.py", line 595, in validateOptions
    raise ConfigurationException(msg)
ConfigurationException: [91mError[0m: crab_projects/crab_SkimDsPhiPi_BParking_Run2018C_BPH2_v1 is not a valid CRAB project directory.
DEBUG 2019-12-13 14:26:25.610 UTC: 	 Running on: Linux ui02.recas.ba.infn.it 3.10.0-862.14.4.el7.x86_64 #1 SMP Wed Sep 26 15:12:11 UTC 2018 x86_64 x86_64 x86_64 GNU/Linux - CentOS Linux 7 (Core)
DEBUG 2019-12-13 14:26:25.622 UTC: 	 OpenSSl version: OpenSSL 1.0.2k-fips  26 Jan 2017 (Library: OpenSSL 1.0.2d-fips 9 Jul 2015)
DEBUG 2019-12-13 14:26:25.622 UTC: 	 Executing command: 'status'
DEBUG 2019-12-13 14:26:25.622 UTC: 	 Found CRAB cache file /lustre/home/venditti/.crab3
ERROR 2019-12-13 14:26:25.623 UTC: 	 Error: crab_projects/crab_SkimDsPhiPi_BParking_Run2018C_BPH3_v1 is not a valid CRAB project directory.
ERROR 2019-12-13 14:26:25.624 UTC: 	 Caught exception
Traceback (most recent call last):
  File "/cvmfs/cms.cern.ch/crab3/slc6_amd64_gcc493/cms/crabclient/3.3.1911.patch1/bin/crab", line 160, in <module>
    client()
  File "/cvmfs/cms.cern.ch/crab3/slc6_amd64_gcc493/cms/crabclient/3.3.1911.patch1/bin/crab", line 145, in __call__
    self.cmd = sub_cmd(self.logger, args[1:])
  File "/cvmfs/cms.cern.ch/crab3/slc6_amd64_gcc493/cms/crabclient/3.3.1911.patch1/lib/python2.7/site-packages/CRABClient/Commands/status.py", line 40, in __init__
    SubCommand.__init__(self, logger, cmdargs)
  File "/cvmfs/cms.cern.ch/crab3/slc6_amd64_gcc493/cms/crabclient/3.3.1911.patch1/lib/python2.7/site-packages/CRABClient/Commands/SubCommand.py", line 277, in __init__
    SubCommand.validateOptions(self)
  File "/cvmfs/cms.cern.ch/crab3/slc6_amd64_gcc493/cms/crabclient/3.3.1911.patch1/lib/python2.7/site-packages/CRABClient/Commands/SubCommand.py", line 595, in validateOptions
    raise ConfigurationException(msg)
ConfigurationException: [91mError[0m: crab_projects/crab_SkimDsPhiPi_BParking_Run2018C_BPH3_v1 is not a valid CRAB project directory.
